<?xml version="1.0" encoding="UTF-8"?>
<!-- Generated by org.testng.reporters.JUnitReportReporter -->
<testsuite hostname="Kuldeep" failures="0" tests="1" name="com.demoqa.Tests.NewPage" time="4.004" errors="0" timestamp="2023-03-12T00:16:11 EST" skipped="0">
  <testcase classname="com.demoqa.Tests.NewPage" name="verifyuploadFunctionality" time="4.004"/>
  <system-out/>
</testsuite> <!-- com.demoqa.Tests.NewPage -->
