<?xml version="1.0" encoding="UTF-8"?>
<!-- Generated by org.testng.reporters.JUnitReportReporter -->
<testsuite hostname="Kuldeep" failures="0" tests="2" name="com.demoqa.Tests.UploadsDownloadsTest" time="11.450" errors="0" timestamp="2023-03-12T00:16:11 EST" skipped="0">
  <testcase classname="com.demoqa.Tests.UploadsDownloadsTest" name="verifyuploadFunctionality" time="4.024"/>
  <system-out/>
  <testcase classname="com.demoqa.Tests.UploadsDownloadsTest" name="verifyUserIsAbleTODownloadFile" time="7.426"/>
  <system-out/>
</testsuite> <!-- com.demoqa.Tests.UploadsDownloadsTest -->
